#
# A fatal error has been detected by the Java Runtime Environment:
#
#  SIGSEGV (0xb) at pc=0x004c6589, pid=8095, tid=3078130544
#
# JRE version: 7.0-b147
# Java VM: Java HotSpot(TM) Server VM (21.0-b17 mixed mode linux-x86 )
# Problematic frame:
# C  [libOpenNI.so+0x2d589]  xnGetFrameID+0x9
#
# Failed to write core dump. Core dumps have been disabled. To enable core dumping, try "ulimit -c unlimited" before starting Java again
#
# If you would like to submit a bug report, please visit:
#   http://bugreport.sun.com/bugreport/crash.jsp
# The crash happened outside the Java Virtual Machine in native code.
# See problematic frame for where to report the bug.
#

---------------  T H R E A D  ---------------

Current thread (0x09f6dc00):  JavaThread "main" [_thread_in_native, id=8098, stack(0xb7738000,0xb7789000)]

siginfo:si_signo=SIGSEGV: si_errno=0, si_code=1 (SEGV_MAPERR), si_addr=0x00000000

Registers:
EAX=0x00000000, EBX=0x00343ff4, ECX=0x09f6dd20, EDX=0x00000000
ESP=0xb7787ef0, EBP=0xb7787f08, ESI=0x90b7be20, EDI=0x09f6dc00
EIP=0x004c6589, EFLAGS=0x00010286, CR2=0x00000000

Top of Stack: (sp=0xb7787ef0)
0xb7787ef0:   00000000 907e4150 00000000 b7787f08
0xb7787f00:   b7787f30 82078008 b7787f28 003353bd
0xb7787f10:   00000000 90beb559 b7787f50 90bec790
0xb7787f20:   003353a9 90b7be20 b7787f60 b473ae0a
0xb7787f30:   09f6dd20 b7787f68 00000000 00000000
0xb7787f40:   b7787f40 00000000 b7787f74 90b8bff8
0xb7787f50:   00000000 90b7be20 00000000 b7787f70
0xb7787f60:   b7787f98 b473344f 949c25d8 b4738ad9 

Instructions: (pc=0x004c6589)
0x004c6569:   ff ff ff ff ba ff ff ff ff c9 c3 8d b6 00 00 00
0x004c6579:   00 8d bf 00 00 00 00 55 89 e5 83 ec 18 8b 55 08
0x004c6589:   8b 02 8b 48 08 85 c9 74 26 8b 40 04 8b 00 a9 00
0x004c6599:   00 02 00 74 1a 8b 42 04 8b 10 8b 40 04 8b 92 c0 

Register to memory mapping:

EAX=0x00000000 is an unknown value
EBX=0x00343ff4: <offset 0x1eff4> in /usr/lib/libOpenNI.jni.so at 0x00325000
ECX=0x09f6dd20 is an unknown value
EDX=0x00000000 is an unknown value
ESP=0xb7787ef0 is pointing into the stack for thread: 0x09f6dc00
EBP=0xb7787f08 is pointing into the stack for thread: 0x09f6dc00
ESI=0x90b7be20 is an oop
{method} 
 - klass: {other class}
EDI=0x09f6dc00 is a thread


Stack: [0xb7738000,0xb7789000],  sp=0xb7787ef0,  free space=319k
Native frames: (J=compiled Java code, j=interpreted, Vv=VM code, C=native code)
C  [libOpenNI.so+0x2d589]  xnGetFrameID+0x9
C  [libOpenNI.jni.so+0x103bd]  Java_org_OpenNI_NativeMethods_xnGetFrameID+0x1d
j  org.OpenNI.NativeMethods.xnGetFrameID(J)I+0
j  org.OpenNI.Generator.getFrameID()I+4
j  org.OpenNI.IRGenerator.getIRMap()Lorg/OpenNI/IRMap;+1
J  smarthomes.UserTracker.updateIR()V
j  smarthomes.UserTrackerApplication.main([Ljava/lang/String;)V+62
v  ~StubRoutines::call_stub
V  [libjvm.so+0x3e42ad]  JavaCalls::call_helper(JavaValue*, methodHandle*, JavaCallArguments*, Thread*)+0x2fd
V  [libjvm.so+0x59c599]  os::os_exception_wrapper(void (*)(JavaValue*, methodHandle*, JavaCallArguments*, Thread*), JavaValue*, methodHandle*, JavaCallArguments*, Thread*)+0x19
V  [libjvm.so+0x3e30df]  JavaCalls::call(JavaValue*, methodHandle, JavaCallArguments*, Thread*)+0x2f
V  [libjvm.so+0x3ef79a]  jni_invoke_static(JNIEnv_*, JavaValue*, _jobject*, JNICallType, _jmethodID*, JNI_ArgumentPusher*, Thread*)+0x23a
V  [libjvm.so+0x3f6d2b]  jni_CallStaticVoidMethod+0xbb
C  [libjli.so+0x31cc]  JavaMain+0x98c
C  [libpthread.so.0+0x5e99]  start_thread+0xd9

Java frames: (J=compiled Java code, j=interpreted, Vv=VM code)
j  org.OpenNI.NativeMethods.xnGetFrameID(J)I+0
j  org.OpenNI.Generator.getFrameID()I+4
j  org.OpenNI.IRGenerator.getIRMap()Lorg/OpenNI/IRMap;+1
J  smarthomes.UserTracker.updateIR()V
j  smarthomes.UserTrackerApplication.run()V+25
j  smarthomes.UserTrackerApplication.main([Ljava/lang/String;)V+62
v  ~StubRoutines::call_stub

---------------  P R O C E S S  ---------------

Java Threads: ( => current thread )
  0x0a1c1400 JavaThread "AWT-EventQueue-0" [_thread_in_native, id=8113, stack(0x8f9d5000,0x8fa26000)]
  0x0a1cfc00 JavaThread "AWT-Shutdown" [_thread_blocked, id=8112, stack(0x8fa26000,0x8fa77000)]
  0x0a15fc00 JavaThread "AWT-XAWT" daemon [_thread_in_native, id=8111, stack(0x8fa77000,0x8fac8000)]
  0x0a133400 JavaThread "Java2D Disposer" daemon [_thread_blocked, id=8110, stack(0x8fac8000,0x8fb19000)]
  0x0a05bc00 JavaThread "Service Thread" daemon [_thread_blocked, id=8108, stack(0x8fbad000,0x8fbfe000)]
  0x0a05a000 JavaThread "C2 CompilerThread1" daemon [_thread_blocked, id=8107, stack(0x8fbfe000,0x8fc7f000)]
  0x0a058000 JavaThread "C2 CompilerThread0" daemon [_thread_blocked, id=8106, stack(0x8fc7f000,0x8fd00000)]
  0x0a056400 JavaThread "Signal Dispatcher" daemon [_thread_blocked, id=8105, stack(0x8fe04000,0x8fe55000)]
  0x0a01d400 JavaThread "Finalizer" daemon [_thread_blocked, id=8104, stack(0x90055000,0x900a6000)]
  0x0a018400 JavaThread "Reference Handler" daemon [_thread_blocked, id=8103, stack(0x900a6000,0x900f7000)]
=>0x09f6dc00 JavaThread "main" [_thread_in_native, id=8098, stack(0xb7738000,0xb7789000)]

Other Threads:
  0x0a012c00 VMThread [stack: 0x900f7000,0x90178000] [id=8102]
  0x0a05d800 WatcherThread [stack: 0x8fb2c000,0x8fbad000] [id=8109]

VM state:not at safepoint (normal execution)

VM Mutex/Monitor currently owned by a thread: None

Heap
 PSYoungGen      total 69440K, used 12710K [0xa9bd0000, 0xae670000, 0xb4670000)
  eden space 64000K, 19% used [0xa9bd0000,0xaa839b58,0xada50000)
  from space 5440K, 0% used [0xada50000,0xada50000,0xadfa0000)
  to   space 6208K, 0% used [0xae060000,0xae060000,0xae670000)
 PSOldGen        total 29824K, used 29289K [0x94670000, 0x96390000, 0xa9bd0000)
  object space 29824K, 98% used [0x94670000,0x9630a4b0,0x96390000)
 PSPermGen       total 16384K, used 6704K [0x90670000, 0x91670000, 0x94670000)
  object space 16384K, 40% used [0x90670000,0x90cfc068,0x91670000)

Code Cache  [0xb4730000, 0xb4970000, 0xb7730000)
 total_blobs=303 nmethods=59 adapters=196 free_code_cache=48705Kb largest_free_block=49861824

Dynamic libraries:
00110000-00117000 r-xp 00000000 07:00 1168       /lib/i386-linux-gnu/librt-2.13.so
00117000-00118000 r--p 00006000 07:00 1168       /lib/i386-linux-gnu/librt-2.13.so
00118000-00119000 rw-p 00007000 07:00 1168       /lib/i386-linux-gnu/librt-2.13.so
00119000-0011d000 r-xp 00000000 07:00 135358     /usr/lib/i386-linux-gnu/libXdmcp.so.6.0.0
0011d000-0011e000 r--p 00003000 07:00 135358     /usr/lib/i386-linux-gnu/libXdmcp.so.6.0.0
0011e000-0011f000 rw-p 00004000 07:00 135358     /usr/lib/i386-linux-gnu/libXdmcp.so.6.0.0
0011f000-00134000 r-xp 00000000 07:00 1164       /lib/i386-linux-gnu/libpthread-2.13.so
00134000-00135000 r--p 00015000 07:00 1164       /lib/i386-linux-gnu/libpthread-2.13.so
00135000-00136000 rw-p 00016000 07:00 1164       /lib/i386-linux-gnu/libpthread-2.13.so
00136000-00138000 rw-p 00000000 00:00 0 
00138000-00292000 r-xp 00000000 07:00 1099       /lib/i386-linux-gnu/libc-2.13.so
00292000-00293000 ---p 0015a000 07:00 1099       /lib/i386-linux-gnu/libc-2.13.so
00293000-00295000 r--p 0015a000 07:00 1099       /lib/i386-linux-gnu/libc-2.13.so
00295000-00296000 rw-p 0015c000 07:00 1099       /lib/i386-linux-gnu/libc-2.13.so
00296000-00299000 rw-p 00000000 00:00 0 
00299000-002bd000 r-xp 00000000 07:00 1136       /lib/i386-linux-gnu/libm-2.13.so
002bd000-002be000 r--p 00023000 07:00 1136       /lib/i386-linux-gnu/libm-2.13.so
002be000-002bf000 rw-p 00024000 07:00 1136       /lib/i386-linux-gnu/libm-2.13.so
002bf000-002c8000 r-xp 00000000 07:00 1149       /lib/i386-linux-gnu/libnss_nis-2.13.so
002c8000-002c9000 r--p 00008000 07:00 1149       /lib/i386-linux-gnu/libnss_nis-2.13.so
002c9000-002ca000 rw-p 00009000 07:00 1149       /lib/i386-linux-gnu/libnss_nis-2.13.so
002ca000-002d7000 r-xp 00000000 07:00 135360     /usr/lib/i386-linux-gnu/libXext.so.6.4.0
002d7000-002d8000 r--p 0000c000 07:00 135360     /usr/lib/i386-linux-gnu/libXext.so.6.4.0
002d8000-002d9000 rw-p 0000d000 07:00 135360     /usr/lib/i386-linux-gnu/libXext.so.6.4.0
002d9000-002dd000 r-xp 00000000 07:00 135362     /usr/lib/i386-linux-gnu/libXfixes.so.3.1.0
002dd000-002de000 r--p 00003000 07:00 135362     /usr/lib/i386-linux-gnu/libXfixes.so.3.1.0
002de000-002df000 rw-p 00004000 07:00 135362     /usr/lib/i386-linux-gnu/libXfixes.so.3.1.0
002df000-002e2000 r-xp 00000000 07:00 160953     /usr/lib/libXnCore.so
002e2000-002e3000 r--p 00002000 07:00 160953     /usr/lib/libXnCore.so
002e3000-002e4000 rw-p 00003000 07:00 160953     /usr/lib/libXnCore.so
002e6000-00309000 r-xp 00000000 07:00 26190      /usr/lib/jvm/java-7-oracle/jre/lib/i386/libjava.so
00309000-0030a000 rw-p 00022000 07:00 26190      /usr/lib/jvm/java-7-oracle/jre/lib/i386/libjava.so
0030a000-00321000 r-xp 00000000 07:00 135498     /usr/lib/i386-linux-gnu/libxcb.so.1.1.0
00321000-00322000 r--p 00016000 07:00 135498     /usr/lib/i386-linux-gnu/libxcb.so.1.1.0
00322000-00323000 rw-p 00017000 07:00 135498     /usr/lib/i386-linux-gnu/libxcb.so.1.1.0
00325000-00343000 r-xp 00000000 07:00 170490     /usr/lib/libOpenNI.jni.so
00343000-00344000 r--p 0001d000 07:00 170490     /usr/lib/libOpenNI.jni.so
00344000-00346000 rw-p 0001e000 07:00 170490     /usr/lib/libOpenNI.jni.so
00351000-00357000 r-xp 00000000 07:00 1141       /lib/i386-linux-gnu/libnss_compat-2.13.so
00357000-00358000 r--p 00005000 07:00 1141       /lib/i386-linux-gnu/libnss_compat-2.13.so
00358000-00359000 rw-p 00006000 07:00 1141       /lib/i386-linux-gnu/libnss_compat-2.13.so
00359000-003a2000 r-xp 00000000 07:00 26172      /usr/lib/jvm/java-7-oracle/jre/lib/i386/xawt/libmawt.so
003a2000-003a4000 rw-p 00048000 07:00 26172      /usr/lib/jvm/java-7-oracle/jre/lib/i386/xawt/libmawt.so
003a4000-003a5000 rw-p 00000000 00:00 0 
003ac000-003bf000 r-xp 00000000 07:00 1139       /lib/i386-linux-gnu/libnsl-2.13.so
003bf000-003c0000 r--p 00012000 07:00 1139       /lib/i386-linux-gnu/libnsl-2.13.so
003c0000-003c1000 rw-p 00013000 07:00 1139       /lib/i386-linux-gnu/libnsl-2.13.so
003c1000-003c3000 rw-p 00000000 00:00 0 
003c3000-003dd000 r-xp 00000000 07:00 1127       /lib/i386-linux-gnu/libgcc_s.so.1
003dd000-003de000 r--p 00019000 07:00 1127       /lib/i386-linux-gnu/libgcc_s.so.1
003de000-003df000 rw-p 0001a000 07:00 1127       /lib/i386-linux-gnu/libgcc_s.so.1
003df000-00402000 r-xp 00000000 07:00 170421     /usr/lib/libnimRecorder.so
00402000-00403000 r--p 00023000 07:00 170421     /usr/lib/libnimRecorder.so
00403000-00404000 rw-p 00024000 07:00 170421     /usr/lib/libnimRecorder.so
0040b000-0041e000 r-xp 00000000 07:00 26194      /usr/lib/jvm/java-7-oracle/jre/lib/i386/jli/libjli.so
0041e000-0041f000 rw-p 00012000 07:00 26194      /usr/lib/jvm/java-7-oracle/jre/lib/i386/jli/libjli.so
00428000-00430000 r-xp 00000000 07:00 135372     /usr/lib/i386-linux-gnu/libXrender.so.1.3.0
00430000-00431000 r--p 00007000 07:00 135372     /usr/lib/i386-linux-gnu/libXrender.so.1.3.0
00431000-00432000 rw-p 00008000 07:00 135372     /usr/lib/i386-linux-gnu/libXrender.so.1.3.0
00436000-00440000 r-xp 00000000 07:00 1145       /lib/i386-linux-gnu/libnss_files-2.13.so
00440000-00441000 r--p 00009000 07:00 1145       /lib/i386-linux-gnu/libnss_files-2.13.so
00441000-00442000 rw-p 0000a000 07:00 1145       /lib/i386-linux-gnu/libnss_files-2.13.so
00442000-0046e000 r-xp 00000000 07:00 170510     /usr/lib/libXnDeviceFile.so
0046e000-0046f000 ---p 0002c000 07:00 170510     /usr/lib/libXnDeviceFile.so
0046f000-00470000 r--p 0002c000 07:00 170510     /usr/lib/libXnDeviceFile.so
00470000-00471000 rw-p 0002d000 07:00 170510     /usr/lib/libXnDeviceFile.so
00481000-00498000 r-xp 00000000 07:00 26220      /usr/lib/jvm/java-7-oracle/jre/lib/i386/libzip.so
00498000-00499000 rw-p 00017000 07:00 26220      /usr/lib/jvm/java-7-oracle/jre/lib/i386/libzip.so
00499000-00516000 r-xp 00000000 07:00 170496     /usr/lib/libOpenNI.so
00516000-00518000 r--p 0007c000 07:00 170496     /usr/lib/libOpenNI.so
00518000-0051a000 rw-p 0007e000 07:00 170496     /usr/lib/libOpenNI.so
0051a000-005f9000 r-xp 00000000 07:00 135481     /usr/lib/i386-linux-gnu/libstdc++.so.6.0.14
005f9000-005fd000 r--p 000de000 07:00 135481     /usr/lib/i386-linux-gnu/libstdc++.so.6.0.14
005fd000-005fe000 rw-p 000e2000 07:00 135481     /usr/lib/i386-linux-gnu/libstdc++.so.6.0.14
005fe000-00605000 rw-p 00000000 00:00 0 
00605000-00628000 r-xp 00000000 07:00 170976     /usr/lib/libtbb.so.2
00628000-00629000 ---p 00023000 07:00 170976     /usr/lib/libtbb.so.2
00629000-0062a000 r--p 00023000 07:00 170976     /usr/lib/libtbb.so.2
0062a000-0062b000 rw-p 00024000 07:00 170976     /usr/lib/libtbb.so.2
0062b000-0062c000 rw-p 00000000 00:00 0 
0062c000-0063f000 r-xp 00000000 07:00 1182       /lib/i386-linux-gnu/libz.so.1.2.3.4
0063f000-00640000 r--p 00012000 07:00 1182       /lib/i386-linux-gnu/libz.so.1.2.3.4
00640000-00641000 rw-p 00013000 07:00 1182       /lib/i386-linux-gnu/libz.so.1.2.3.4
00642000-0064a000 r-xp 00000000 07:00 135354     /usr/lib/i386-linux-gnu/libXcursor.so.1.0.2
0064a000-0064b000 r--p 00007000 07:00 135354     /usr/lib/i386-linux-gnu/libXcursor.so.1.0.2
0064b000-0064c000 rw-p 00008000 07:00 135354     /usr/lib/i386-linux-gnu/libXcursor.so.1.0.2
0064c000-00680000 r-xp 00000000 07:00 167139     /usr/lib/libnimCodecs.so
00680000-00681000 ---p 00034000 07:00 167139     /usr/lib/libnimCodecs.so
00681000-00683000 r--p 00034000 07:00 167139     /usr/lib/libnimCodecs.so
00683000-00684000 rw-p 00036000 07:00 167139     /usr/lib/libnimCodecs.so
00684000-006a4000 rw-p 00000000 00:00 0 
006a6000-006b2000 r-xp 00000000 07:00 26173      /usr/lib/jvm/java-7-oracle/jre/lib/i386/libverify.so
006b2000-006b3000 rw-p 0000c000 07:00 26173      /usr/lib/jvm/java-7-oracle/jre/lib/i386/libverify.so
006ea000-0071b000 r-xp 00000000 07:00 169806     /usr/lib/libnimMockNodes.so
0071b000-00721000 r--p 00031000 07:00 169806     /usr/lib/libnimMockNodes.so
00721000-00722000 rw-p 00037000 07:00 169806     /usr/lib/libnimMockNodes.so
00727000-00734000 r-xp 00000000 07:00 135366     /usr/lib/i386-linux-gnu/libXi.so.6.1.0
00734000-00735000 r--p 0000c000 07:00 135366     /usr/lib/i386-linux-gnu/libXi.so.6.1.0
00735000-00736000 rw-p 0000d000 07:00 135366     /usr/lib/i386-linux-gnu/libXi.so.6.1.0
00736000-00759000 r-xp 00000000 07:00 170516     /usr/lib/libXnFormats.so
00759000-0075a000 r--p 00022000 07:00 170516     /usr/lib/libXnFormats.so
0075a000-0075b000 rw-p 00023000 07:00 170516     /usr/lib/libXnFormats.so
0075b000-0077b000 rw-p 00000000 00:00 0 
0077c000-0077e000 r-xp 00000000 07:00 1109       /lib/i386-linux-gnu/libdl-2.13.so
0077e000-0077f000 r--p 00001000 07:00 1109       /lib/i386-linux-gnu/libdl-2.13.so
0077f000-00780000 rw-p 00002000 07:00 1109       /lib/i386-linux-gnu/libdl-2.13.so
00780000-00819000 r-xp 00000000 07:00 170514     /usr/lib/libXnDeviceSensorV2.so
00819000-00822000 r--p 00098000 07:00 170514     /usr/lib/libXnDeviceSensorV2.so
00822000-00823000 rw-p 000a1000 07:00 170514     /usr/lib/libXnDeviceSensorV2.so
00825000-0082b000 r-xp 00000000 07:00 135370     /usr/lib/i386-linux-gnu/libXrandr.so.2.2.0
0082b000-0082c000 r--p 00005000 07:00 135370     /usr/lib/i386-linux-gnu/libXrandr.so.2.2.0
0082c000-0082d000 rw-p 00006000 07:00 135370     /usr/lib/i386-linux-gnu/libXrandr.so.2.2.0
00858000-0085c000 r-xp 00000000 07:00 132643     /usr/lib/libXtst.so.6.1.0
0085c000-0085d000 r--p 00003000 07:00 132643     /usr/lib/libXtst.so.6.1.0
0085d000-0085e000 rw-p 00004000 07:00 132643     /usr/lib/libXtst.so.6.1.0
00862000-00864000 r-xp 00000000 07:00 135350     /usr/lib/i386-linux-gnu/libXau.so.6.0.0
00864000-00865000 r--p 00001000 07:00 135350     /usr/lib/i386-linux-gnu/libXau.so.6.0.0
00865000-00866000 rw-p 00002000 07:00 135350     /usr/lib/i386-linux-gnu/libXau.so.6.0.0
0087f000-00905000 r-xp 00000000 07:00 26170      /usr/lib/jvm/java-7-oracle/jre/lib/i386/libawt.so
00905000-0090c000 rw-p 00086000 07:00 26170      /usr/lib/jvm/java-7-oracle/jre/lib/i386/libawt.so
0090c000-00930000 rw-p 00000000 00:00 0 
00956000-00961000 r-xp 00000000 07:00 368        /lib/libusb-1.0.so.0.0.0
00961000-00962000 r--p 0000a000 07:00 368        /lib/libusb-1.0.so.0.0.0
00962000-00963000 rw-p 0000b000 07:00 368        /lib/libusb-1.0.so.0.0.0
0096e000-0098a000 r-xp 00000000 07:00 1086       /lib/i386-linux-gnu/ld-2.13.so
0098a000-0098b000 r--p 0001b000 07:00 1086       /lib/i386-linux-gnu/ld-2.13.so
0098b000-0098c000 rw-p 0001c000 07:00 1086       /lib/i386-linux-gnu/ld-2.13.so
0098c000-009de000 r-xp 00000000 07:00 170509     /usr/lib/libXnDDK.so
009de000-009df000 ---p 00052000 07:00 170509     /usr/lib/libXnDDK.so
009df000-009e1000 r--p 00052000 07:00 170509     /usr/lib/libXnDDK.so
009e1000-009e2000 rw-p 00054000 07:00 170509     /usr/lib/libXnDDK.so
00a1c000-00b32000 r-xp 00000000 07:00 135348     /usr/lib/i386-linux-gnu/libX11.so.6.3.0
00b32000-00b33000 ---p 00116000 07:00 135348     /usr/lib/i386-linux-gnu/libX11.so.6.3.0
00b33000-00b34000 r--p 00116000 07:00 135348     /usr/lib/i386-linux-gnu/libX11.so.6.3.0
00b34000-00b36000 rw-p 00117000 07:00 135348     /usr/lib/i386-linux-gnu/libX11.so.6.3.0
00b36000-00b37000 rw-p 00000000 00:00 0 
00b37000-00b75000 r-xp 00000000 07:00 323699     /tmp/libjniopencv_imgproc4537000500852226165.so
00b75000-00b76000 rw-p 0003d000 07:00 323699     /tmp/libjniopencv_imgproc4537000500852226165.so
00b80000-00b81000 r-xp 00000000 00:00 0          [vdso]
00b81000-012e5000 r-xp 00000000 07:00 26219      /usr/lib/jvm/java-7-oracle/jre/lib/i386/server/libjvm.so
012e5000-01330000 rw-p 00763000 07:00 26219      /usr/lib/jvm/java-7-oracle/jre/lib/i386/server/libjvm.so
01330000-0174f000 rw-p 00000000 00:00 0 
0174f000-017db000 r-xp 00000000 07:00 167799     /usr/lib/libXnDeviceSensorV2KM.so
017db000-017e4000 r--p 0008b000 07:00 167799     /usr/lib/libXnDeviceSensorV2KM.so
017e4000-017e5000 rw-p 00094000 07:00 167799     /usr/lib/libXnDeviceSensorV2KM.so
017e5000-01be6000 r-xp 00000000 07:00 186266     /usr/lib/libXnVFeatures_1_5_2.so
01be6000-01be7000 ---p 00401000 07:00 186266     /usr/lib/libXnVFeatures_1_5_2.so
01be7000-01bef000 r--p 00401000 07:00 186266     /usr/lib/libXnVFeatures_1_5_2.so
01bef000-01bf0000 rw-p 00409000 07:00 186266     /usr/lib/libXnVFeatures_1_5_2.so
01bf0000-01c04000 rw-p 00000000 00:00 0 
01c05000-01e23000 r-xp 00000000 07:00 167777     /usr/lib/libXnVFeatures_1_3_1.so
01e23000-01e24000 ---p 0021e000 07:00 167777     /usr/lib/libXnVFeatures_1_3_1.so
01e24000-01e27000 r--p 0021e000 07:00 167777     /usr/lib/libXnVFeatures_1_3_1.so
01e27000-01e28000 rw-p 00221000 07:00 167777     /usr/lib/libXnVFeatures_1_3_1.so
01e28000-01e2d000 rw-p 00000000 00:00 0 
01e2d000-02006000 r-xp 00000000 07:00 321867     /usr/local/lib/libopencv_imgproc.so.2.3.1
02006000-02008000 r--p 001d9000 07:00 321867     /usr/local/lib/libopencv_imgproc.so.2.3.1
02008000-02009000 rw-p 001db000 07:00 321867     /usr/local/lib/libopencv_imgproc.so.2.3.1
02009000-0209e000 rw-p 00000000 00:00 0 
021c4000-023ab000 r-xp 00000000 07:00 167779     /usr/lib/libXnVFeatures_1_4_2.so
023ab000-023ae000 r--p 001e6000 07:00 167779     /usr/lib/libXnVFeatures_1_4_2.so
023ae000-023af000 rw-p 001e9000 07:00 167779     /usr/lib/libXnVFeatures_1_4_2.so
023af000-023b4000 rw-p 00000000 00:00 0 
023b4000-023b5000 ---p 00000000 00:00 0 
023b5000-02bb5000 rwxp 00000000 00:00 0 
0349f000-03582000 r-xp 00000000 07:00 186267     /usr/lib/libXnVHandGenerator_1_5_2.so
03582000-03585000 r--p 000e3000 07:00 186267     /usr/lib/libXnVHandGenerator_1_5_2.so
03585000-03586000 rw-p 000e6000 07:00 186267     /usr/lib/libXnVHandGenerator_1_5_2.so
03586000-03592000 rw-p 00000000 00:00 0 
03812000-038f0000 r-xp 00000000 07:00 167782     /usr/lib/libXnVHandGenerator_1_3_1.so
038f0000-038f3000 r--p 000dd000 07:00 167782     /usr/lib/libXnVHandGenerator_1_3_1.so
038f3000-038f4000 rw-p 000e0000 07:00 167782     /usr/lib/libXnVHandGenerator_1_3_1.so
038f4000-038f6000 rw-p 00000000 00:00 0 
040b1000-04186000 r-xp 00000000 07:00 167784     /usr/lib/libXnVHandGenerator_1_4_2.so
04186000-04187000 ---p 000d5000 07:00 167784     /usr/lib/libXnVHandGenerator_1_4_2.so
04187000-04189000 r--p 000d5000 07:00 167784     /usr/lib/libXnVHandGenerator_1_4_2.so
04189000-0418a000 rw-p 000d7000 07:00 167784     /usr/lib/libXnVHandGenerator_1_4_2.so
0418a000-0418c000 rw-p 00000000 00:00 0 
04bbc000-04da3000 r-xp 00000000 07:00 167778     /usr/lib/libXnVFeatures_1_4_1.so
04da3000-04da6000 r--p 001e6000 07:00 167778     /usr/lib/libXnVFeatures_1_4_1.so
04da6000-04da7000 rw-p 001e9000 07:00 167778     /usr/lib/libXnVFeatures_1_4_1.so
04da7000-04dac000 rw-p 00000000 00:00 0 
04de9000-051dc000 r-xp 00000000 07:00 167780     /usr/lib/libXnVFeatures_1_5_0.so
051dc000-051dd000 ---p 003f3000 07:00 167780     /usr/lib/libXnVFeatures_1_5_0.so
051dd000-051e5000 r--p 003f3000 07:00 167780     /usr/lib/libXnVFeatures_1_5_0.so
051e5000-051e6000 rw-p 003fb000 07:00 167780     /usr/lib/libXnVFeatures_1_5_0.so
051e6000-051fa000 rw-p 00000000 00:00 0 
05f67000-06047000 r-xp 00000000 07:00 167785     /usr/lib/libXnVHandGenerator_1_5_0.so
06047000-0604a000 r--p 000df000 07:00 167785     /usr/lib/libXnVHandGenerator_1_5_0.so
0604a000-0604b000 rw-p 000e2000 07:00 167785     /usr/lib/libXnVHandGenerator_1_5_0.so
0604b000-06057000 rw-p 00000000 00:00 0 
06c5f000-06ce0000 r-xp 00000000 07:00 323698     /tmp/libjniopencv_core4654420159642755391.so
06ce0000-06ce1000 rw-p 00081000 07:00 323698     /tmp/libjniopencv_core4654420159642755391.so
08048000-08049000 r-xp 00000000 07:00 25208      /usr/lib/jvm/java-7-oracle/bin/java
08049000-0804a000 rw-p 00000000 07:00 25208      /usr/lib/jvm/java-7-oracle/bin/java
085e8000-087d4000 r-xp 00000000 07:00 321853     /usr/local/lib/libopencv_core.so.2.3.1
087d4000-087d6000 r--p 001eb000 07:00 321853     /usr/local/lib/libopencv_core.so.2.3.1
087d6000-087da000 rw-p 001ed000 07:00 321853     /usr/local/lib/libopencv_core.so.2.3.1
087da000-087dc000 rw-p 00000000 00:00 0 
08d30000-08e04000 r-xp 00000000 07:00 167783     /usr/lib/libXnVHandGenerator_1_4_1.so
08e04000-08e05000 ---p 000d4000 07:00 167783     /usr/lib/libXnVHandGenerator_1_4_1.so
08e05000-08e07000 r--p 000d4000 07:00 167783     /usr/lib/libXnVHandGenerator_1_4_1.so
08e07000-08e08000 rw-p 000d6000 07:00 167783     /usr/lib/libXnVHandGenerator_1_4_1.so
08e08000-08e0a000 rw-p 00000000 00:00 0 
09f68000-0f117000 rw-p 00000000 00:00 0          [heap]
74300000-74343000 rw-p 00000000 00:00 0 
74343000-74400000 ---p 00000000 00:00 0 
75be8000-75bec000 r--s 00088000 07:00 26228      /usr/lib/jvm/java-7-oracle/jre/lib/jsse.jar
76300000-763eb000 rw-p 00000000 00:00 0 
763eb000-76400000 ---p 00000000 00:00 0 
77bf2000-79ce8000 r--s 00000000 00:10 1505358    /dev/shm/2187_045e.02ae@2.18_Image
82078000-8561e000 rw-p 00000000 00:00 0 
8561e000-8574a000 rw-s 00000000 00:04 4390925    /SYSV00000000 (deleted)
8574a000-85c59000 rw-p 00000000 00:00 0 
85c5a000-8d980000 rw-p 00000000 00:00 0 
8d998000-8ebde000 rw-p 00000000 00:00 0 
8ec2b000-8ee3b000 rw-p 00000000 00:00 0 
8ee3b000-8f000000 rw-p 00000000 00:00 0 
8f000000-8f0fe000 rw-p 00000000 00:00 0 
8f0fe000-8f100000 ---p 00000000 00:00 0 
8f120000-8f1b7000 rw-p 00000000 00:00 0 
8f1b7000-8f53b000 r--s 00000000 00:10 1502925    /dev/shm/2187_045e.02ae@2.18_Depth
8f53b000-8f9d3000 rw-p 00000000 00:00 0 
8f9d5000-8fb19000 rwxp 00000000 00:00 0 
8fb19000-8fb2c000 r--s 000c1000 07:00 182586     /home/hh354/javacv-bin/javacv.jar
8fb2c000-8fb2d000 ---p 00000000 00:00 0 
8fb2d000-8fbfe000 rwxp 00000000 00:00 0 
8fbfe000-8fbff000 ---p 00000000 00:00 0 
8fbff000-8fc7f000 rwxp 00000000 00:00 0 
8fc7f000-8fc80000 ---p 00000000 00:00 0 
8fc80000-8fd00000 rwxp 00000000 00:00 0 
8fd00000-8fdc9000 rw-p 00000000 00:00 0 
8fdc9000-8fe00000 ---p 00000000 00:00 0 
8fe04000-8fe55000 rwxp 00000000 00:00 0 
8fe55000-90055000 r--p 00000000 07:00 138505     /usr/lib/locale/locale-archive
90055000-900f7000 rwxp 00000000 00:00 0 
900f7000-900f8000 ---p 00000000 00:00 0 
900f8000-90178000 rwxp 00000000 00:00 0 
90178000-901c3000 rw-p 00000000 00:00 0 
901c3000-90382000 r--s 039fa000 07:00 25674      /usr/lib/jvm/java-7-oracle/jre/lib/rt.jar
90382000-90383000 ---p 00000000 00:00 0 
90383000-90403000 rwxp 00000000 00:00 0 
90403000-90404000 ---p 00000000 00:00 0 
90404000-90484000 rwxp 00000000 00:00 0 
90484000-9048c000 rw-p 00000000 00:00 0 
9048c000-904a4000 rw-p 00000000 00:00 0 
904a4000-904b3000 rw-p 00000000 00:00 0 
904b3000-9054f000 rw-p 00000000 00:00 0 
9054f000-90557000 rw-p 00000000 00:00 0 
90557000-9056f000 rw-p 00000000 00:00 0 
9056f000-9057e000 rw-p 00000000 00:00 0 
9057e000-90619000 rw-p 00000000 00:00 0 
90619000-9063f000 rw-p 00000000 00:00 0 
9063f000-9066f000 rw-p 00000000 00:00 0 
9066f000-91670000 rw-p 00000000 00:00 0 
91670000-94670000 rw-p 00000000 00:00 0 
94670000-96390000 rw-p 00000000 00:00 0 
96390000-a9bd0000 rw-p 00000000 00:00 0 
a9bd0000-ae670000 rw-p 00000000 00:00 0 
ae670000-b4670000 rw-p 00000000 00:00 0 
b4670000-b4679000 rw-p 00000000 00:00 0 
b4679000-b4730000 rw-p 00000000 00:00 0 
b4730000-b4970000 rwxp 00000000 00:00 0 
b4970000-b7730000 rw-p 00000000 00:00 0 
b7730000-b7738000 rw-s 00000000 07:00 323335     /tmp/hsperfdata_hh354/8095
b7738000-b7739000 ---p 00000000 00:00 0 
b7739000-b7789000 rwxp 00000000 00:00 0 
b7789000-b778b000 rw-p 00000000 00:00 0 
b778f000-b7790000 r--s 0011c000 07:00 182585     /home/hh354/javacv-bin/javacv-windows-x86_64.jar
b7790000-b7792000 r--s 000da000 07:00 182583     /home/hh354/javacv-bin/javacv-windows-x86.jar
b7792000-b7793000 r--s 0011e000 07:00 182587     /home/hh354/javacv-bin/javacv-macosx-x86_64.jar
b7793000-b7794000 r--s 00135000 07:00 175036     /home/hh354/javacv-bin/javacv-linux-x86_64.jar
b7794000-b7795000 r--s 00125000 07:00 182571     /home/hh354/javacv-bin/javacv-linux-x86.jar
b7795000-b7797000 r--s 00011000 07:00 182582     /home/hh354/javacv-bin/javacpp.jar
b7797000-b779b000 r--s 0001b000 07:00 185356     /home/hh354/kinect/OpenNI/Jar/org.OpenNI.jar
b779b000-b779c000 r--p 002a1000 07:00 138505     /usr/lib/locale/locale-archive
b779c000-b779d000 rw-p 00000000 00:00 0 
b779d000-b779e000 r--p 00000000 00:00 0 
b779e000-b77a0000 rw-p 00000000 00:00 0 
bfb2e000-bfb4e000 rwxp 00000000 00:00 0          [stack]
bfb4e000-bfb4f000 rw-p 00000000 00:00 0 

VM Arguments:
jvm_args: -Dfile.encoding=UTF-8 -Xmx512m 
java_command: smarthomes.UserTrackerApplication
Launcher Type: SUN_STANDARD

Environment Variables:
PATH=/usr/local/sbin:/usr/local/bin:/usr/sbin:/usr/bin:/sbin:/bin:/usr/games
USERNAME=hh354
SHELL=/bin/bash
DISPLAY=:0

Signal Handlers:
SIGSEGV: [libjvm.so+0x6ddc10], sa_mask[0]=0x7ffbfeff, sa_flags=0x10000004
SIGBUS: [libjvm.so+0x6ddc10], sa_mask[0]=0x7ffbfeff, sa_flags=0x10000004
SIGFPE: [libjvm.so+0x59e1e0], sa_mask[0]=0x7ffbfeff, sa_flags=0x10000004
SIGPIPE: [libjvm.so+0x59e1e0], sa_mask[0]=0x7ffbfeff, sa_flags=0x10000004
SIGXFSZ: [libjvm.so+0x59e1e0], sa_mask[0]=0x7ffbfeff, sa_flags=0x10000004
SIGILL: [libjvm.so+0x59e1e0], sa_mask[0]=0x7ffbfeff, sa_flags=0x10000004
SIGUSR1: SIG_DFL, sa_mask[0]=0x00000000, sa_flags=0x00000000
SIGUSR2: [libjvm.so+0x59dae0], sa_mask[0]=0x00000004, sa_flags=0x10000004
SIGHUP: [libjvm.so+0x5a01f0], sa_mask[0]=0x7ffbfeff, sa_flags=0x10000004
SIGINT: SIG_IGN, sa_mask[0]=0x00000000, sa_flags=0x00000000
SIGTERM: [libjvm.so+0x5a01f0], sa_mask[0]=0x7ffbfeff, sa_flags=0x10000004
SIGQUIT: [libjvm.so+0x5a01f0], sa_mask[0]=0x7ffbfeff, sa_flags=0x10000004


---------------  S Y S T E M  ---------------

OS:squeeze/sid

uname:Linux 2.6.38-13-generic #55-Ubuntu SMP Tue Jan 24 14:27:59 UTC 2012 i686
libc:glibc 2.13 NPTL 2.13 
rlimit: STACK 8192k, CORE 0k, NPROC infinity, NOFILE 4096, AS infinity
load average:1.73 0.94 0.71

/proc/meminfo:
MemTotal:        2027788 kB
MemFree:          488980 kB
Buffers:           74228 kB
Cached:           265144 kB
SwapCached:         2672 kB
Active:           858432 kB
Inactive:         532520 kB
Active(anon):     704888 kB
Inactive(anon):   376056 kB
Active(file):     153544 kB
Inactive(file):   156464 kB
Unevictable:        2204 kB
Mlocked:              32 kB
HighTotal:       1154760 kB
HighFree:           2780 kB
LowTotal:         873028 kB
LowFree:          486200 kB
SwapTotal:        262136 kB
SwapFree:         124436 kB
Dirty:              1836 kB
Writeback:             0 kB
AnonPages:       1051992 kB
Mapped:            62120 kB
Shmem:             27072 kB
Slab:              29324 kB
SReclaimable:      13116 kB
SUnreclaim:        16208 kB
KernelStack:        3216 kB
PageTables:         7216 kB
NFS_Unstable:          0 kB
Bounce:                0 kB
WritebackTmp:          0 kB
CommitLimit:     1276028 kB
Committed_AS:    3023780 kB
VmallocTotal:     122880 kB
VmallocUsed:       34116 kB
VmallocChunk:      77820 kB
HardwareCorrupted:     0 kB
HugePages_Total:       0
HugePages_Free:        0
HugePages_Rsvd:        0
HugePages_Surp:        0
Hugepagesize:       4096 kB
DirectMap4k:      180216 kB
DirectMap4M:      729088 kB


CPU:total 2 (2 cores per cpu, 1 threads per core) family 6 model 15 stepping 10, cmov, cx8, fxsr, mmx, sse, sse2, sse3, ssse3

/proc/cpuinfo:
processor	: 0
vendor_id	: GenuineIntel
cpu family	: 6
model		: 15
model name	: Intel(R) Core(TM)2 Duo CPU     T7500  @ 2.20GHz
stepping	: 10
cpu MHz		: 2201.000
cache size	: 4096 KB
physical id	: 0
siblings	: 2
core id		: 0
cpu cores	: 2
apicid		: 0
initial apicid	: 0
fdiv_bug	: no
hlt_bug		: no
f00f_bug	: no
coma_bug	: no
fpu		: yes
fpu_exception	: yes
cpuid level	: 10
wp		: yes
flags		: fpu vme de pse tsc msr pae mce cx8 apic mtrr pge mca cmov pat pse36 clflush dts acpi mmx fxsr sse sse2 ss ht tm pbe nx lm constant_tsc arch_perfmon pebs bts aperfmperf pni dtes64 monitor ds_cpl vmx est tm2 ssse3 cx16 xtpr pdcm lahf_lm ida dts tpr_shadow vnmi flexpriority
bogomips	: 4389.25
clflush size	: 64
cache_alignment	: 64
address sizes	: 36 bits physical, 48 bits virtual
power management:

processor	: 1
vendor_id	: GenuineIntel
cpu family	: 6
model		: 15
model name	: Intel(R) Core(TM)2 Duo CPU     T7500  @ 2.20GHz
stepping	: 10
cpu MHz		: 800.000
cache size	: 4096 KB
physical id	: 0
siblings	: 2
core id		: 1
cpu cores	: 2
apicid		: 1
initial apicid	: 1
fdiv_bug	: no
hlt_bug		: no
f00f_bug	: no
coma_bug	: no
fpu		: yes
fpu_exception	: yes
cpuid level	: 10
wp		: yes
flags		: fpu vme de pse tsc msr pae mce cx8 apic mtrr pge mca cmov pat pse36 clflush dts acpi mmx fxsr sse sse2 ss ht tm pbe nx lm constant_tsc arch_perfmon pebs bts aperfmperf pni dtes64 monitor ds_cpl vmx est tm2 ssse3 cx16 xtpr pdcm lahf_lm ida dts tpr_shadow vnmi flexpriority
bogomips	: 4387.07
clflush size	: 64
cache_alignment	: 64
address sizes	: 36 bits physical, 48 bits virtual
power management:



Memory: 4k page, physical 2027788k(488980k free), swap 262136k(124436k free)

vm_info: Java HotSpot(TM) Server VM (21.0-b17) for linux-x86 JRE (1.7.0-b147), built on Jun 27 2011 01:49:33 by "java_re" with gcc 4.3.0 20080428 (Red Hat 4.3.0-8)

time: Fri Mar 16 15:32:04 2012
elapsed time: 15 seconds

